/*C1*/SET SCHEMA SYSTEM_LOBS
INSERT INTO BLOCKS VALUES(0,2147483647,0)
COMMIT
/*C2*/SET SCHEMA PUBLIC
create table user (id integer generated by default as identity (start with 1, increment by 1) primary key, name varchar(255), username varchar(255), email varchar(255), phone varchar(21), website varchar(255), address_id integer, company_id integer)
create table address (id integer generated by default as identity (start with 1, increment by 1) primary key, street varchar(255), suite varchar(255), city varchar(255), zipcode varchar(20), geo_id integer)
create table company (id integer generated by default as identity (start with 1, increment by 1) primary key, name varchar(255), catchphrase varchar(255), bs varchar(255))
create table geo (id integer generated by default as identity (start with 1, increment by 1) primary key, lat varchar(20), lng varchar(20))
create table post (user_id integer, id integer generated by default as identity(start with 1, increment by 1) primary key, title varchar(255), body varchar(255), FOREIGN KEY (user_id) REFERENCES user(id))
create table comment (post_id integer, id integer generated by default as identity(start with 1, increment by 1) primary key, name varchar(255), email varchar(255), body varchar(500), FOREIGN KEY (post_id) REFERENCES post(id))
/*C3*/SET SCHEMA PUBLIC
DISCONNECT
/*C4*/SET SCHEMA PUBLIC
alter table company add column catch_phrase varchar(255)
alter table address add constraint FKco48e3q5mlq831ijyssn2t25q foreign key (geo_id) references geo
alter table user add constraint FKddefmvbrws3hvl5t0hnnsv8ox foreign key (address_id) references address
alter table user add constraint FK2yuxsfrkkrnkn5emoobcnnc3r foreign key (company_id) references company
/*C14*/SET SCHEMA PUBLIC
DISCONNECT
/*C15*/SET SCHEMA PUBLIC
DISCONNECT
/*C4*/INSERT INTO GEO VALUES(1,'-37.3159','81.1496')
INSERT INTO ADDRESS VALUES(1,'Kulas Light','Apt. 556','Gwenborough','92998-3874',1)
INSERT INTO COMPANY VALUES(1,'Romaguera-Crona',NULL,'harness real-time e-markets','Multi-layered client-server neural-net')
INSERT INTO USER VALUES(1,'Leanne Graham','Bret','Sincere@april.biz','1-770-736-8031 x56442','hildegard.org',1,1)
COMMIT
INSERT INTO GEO VALUES(2,'-43.9509','-34.4618')
INSERT INTO ADDRESS VALUES(2,'Victor Plains','Suite 879','Wisokyburgh','90566-7771',2)
INSERT INTO COMPANY VALUES(2,'Deckow-Crist',NULL,'synergize scalable supply-chains','Proactive didactic contingency')
INSERT INTO USER VALUES(2,'Ervin Howell','Antonette','Shanna@melissa.tv','010-692-6593 x09125','anastasia.net',2,2)
COMMIT
INSERT INTO GEO VALUES(3,'-68.6102','-47.0653')
INSERT INTO ADDRESS VALUES(3,'Douglas Extension','Suite 847','McKenziehaven','59590-4157',3)
INSERT INTO COMPANY VALUES(3,'Romaguera-Jacobson',NULL,'e-enable strategic applications','Face to face bifurcated interface')
INSERT INTO USER VALUES(3,'Clementine Bauch','Samantha','Nathan@yesenia.net','1-463-123-4447','ramiro.info',3,3)
COMMIT
INSERT INTO GEO VALUES(4,'29.4572','-164.2990')
INSERT INTO ADDRESS VALUES(4,'Hoeger Mall','Apt. 692','South Elvis','53919-4257',4)
INSERT INTO COMPANY VALUES(4,'Robel-Corkery',NULL,'transition cutting-edge web services','Multi-tiered zero tolerance productivity')
INSERT INTO USER VALUES(4,'Patricia Lebsack','Karianne','Julianne.OConner@kory.org','493-170-9623 x156','kale.biz',4,4)
COMMIT
INSERT INTO GEO VALUES(5,'-31.8129','62.5342')
INSERT INTO ADDRESS VALUES(5,'Skiles Walks','Suite 351','Roscoeview','33263',5)
INSERT INTO COMPANY VALUES(5,'Keebler LLC',NULL,'revolutionize end-to-end systems','User-centric fault-tolerant solution')
INSERT INTO USER VALUES(5,'Chelsey Dietrich','Kamren','Lucio_Hettinger@annie.ca','(254)954-1289','demarco.info',5,5)
COMMIT
INSERT INTO GEO VALUES(6,'-71.4197','71.7478')
INSERT INTO ADDRESS VALUES(6,'Norberto Crossing','Apt. 950','South Christy','23505-1337',6)
INSERT INTO COMPANY VALUES(6,'Considine-Lockman',NULL,'e-enable innovative applications','Synchronised bottom-line interface')
INSERT INTO USER VALUES(6,'Mrs. Dennis Schulist','Leopoldo_Corkery','Karley_Dach@jasper.info','1-477-935-8478 x6430','ola.org',6,6)
COMMIT
INSERT INTO GEO VALUES(7,'24.8918','21.8984')
INSERT INTO ADDRESS VALUES(7,'Rex Trail','Suite 280','Howemouth','58804-1099',7)
INSERT INTO COMPANY VALUES(7,'Johns Group',NULL,'generate enterprise e-tailers','Configurable multimedia task-force')
INSERT INTO USER VALUES(7,'Kurtis Weissnat','Elwyn.Skiles','Telly.Hoeger@billy.biz','210.067.6132','elvis.io',7,7)
COMMIT
INSERT INTO GEO VALUES(8,'-14.3990','-120.7677')
INSERT INTO ADDRESS VALUES(8,'Ellsworth Summit','Suite 729','Aliyaview','45169',8)
INSERT INTO COMPANY VALUES(8,'Abernathy Group',NULL,'e-enable extensible e-tailers','Implemented secondary concept')
INSERT INTO USER VALUES(8,'Nicholas Runolfsdottir V','Maxime_Nienow','Sherwood@rosamond.me','586.493.6943 x140','jacynthe.com',8,8)
COMMIT
INSERT INTO GEO VALUES(9,'24.6463','-168.8889')
INSERT INTO ADDRESS VALUES(9,'Dayna Park','Suite 449','Bartholomebury','76495-3109',9)
INSERT INTO COMPANY VALUES(9,'Yost and Sons',NULL,'aggregate real-time technologies','Switchable contextually-based project')
INSERT INTO USER VALUES(9,'Glenna Reichert','Delphine','Chaim_McDermott@dana.io','(775)976-6794 x41206','conrad.com',9,9)
COMMIT
INSERT INTO GEO VALUES(10,'-38.2386','57.2232')
INSERT INTO ADDRESS VALUES(10,'Kattie Turnpike','Suite 198','Lebsackbury','31428-2261',10)
INSERT INTO COMPANY VALUES(10,'Hoeger LLC',NULL,'target end-to-end models','Centralized empowering task-force')
INSERT INTO USER VALUES(10,'Clementina DuBuque','Moriah.Stanton','Rey.Padberg@karina.biz','024-648-3804','ambrose.net',10,10)
COMMIT
/*C16*/SET SCHEMA PUBLIC
DISCONNECT
/*C17*/SET SCHEMA PUBLIC
DISCONNECT
/*C4*/DISCONNECT
/*C5*/SET SCHEMA PUBLIC
DISCONNECT
/*C6*/SET SCHEMA PUBLIC
DISCONNECT
/*C7*/SET SCHEMA PUBLIC
DISCONNECT
/*C8*/SET SCHEMA PUBLIC
DISCONNECT
/*C9*/SET SCHEMA PUBLIC
DISCONNECT
/*C10*/SET SCHEMA PUBLIC
DISCONNECT
/*C11*/SET SCHEMA PUBLIC
DISCONNECT
/*C12*/SET SCHEMA PUBLIC
DISCONNECT
/*C13*/SET SCHEMA PUBLIC
DISCONNECT
/*C18*/SET SCHEMA PUBLIC
DISCONNECT
/*C19*/SET SCHEMA PUBLIC
DISCONNECT
/*C20*/SET SCHEMA PUBLIC
DISCONNECT
/*C21*/SET SCHEMA PUBLIC
DISCONNECT
/*C22*/SET SCHEMA PUBLIC
DISCONNECT
/*C23*/SET SCHEMA PUBLIC
DISCONNECT
/*C24*/SET SCHEMA PUBLIC
DISCONNECT
/*C25*/SET SCHEMA PUBLIC
DISCONNECT
/*C26*/SET SCHEMA PUBLIC
DISCONNECT
/*C27*/SET SCHEMA PUBLIC
DISCONNECT
/*C2*/DISCONNECT
/*C36*/SET SCHEMA PUBLIC
DISCONNECT
/*C37*/SET SCHEMA PUBLIC
DISCONNECT
/*C29*/SET SCHEMA PUBLIC
DISCONNECT
/*C32*/SET SCHEMA PUBLIC
DISCONNECT
/*C28*/SET SCHEMA PUBLIC
DISCONNECT
/*C35*/SET SCHEMA PUBLIC
DISCONNECT
/*C30*/SET SCHEMA PUBLIC
DISCONNECT
/*C31*/SET SCHEMA PUBLIC
DISCONNECT
/*C33*/SET SCHEMA PUBLIC
DISCONNECT
/*C34*/SET SCHEMA PUBLIC
DISCONNECT
/*C38*/SET SCHEMA PUBLIC
DISCONNECT
/*C39*/SET SCHEMA PUBLIC
DISCONNECT
/*C40*/SET SCHEMA PUBLIC
DISCONNECT
/*C41*/SET SCHEMA PUBLIC
DISCONNECT
/*C42*/SET SCHEMA PUBLIC
DISCONNECT
/*C43*/SET SCHEMA PUBLIC
DISCONNECT
/*C44*/SET SCHEMA PUBLIC
DISCONNECT
/*C45*/SET SCHEMA PUBLIC
DISCONNECT
/*C46*/SET SCHEMA PUBLIC
DISCONNECT
/*C47*/SET SCHEMA PUBLIC
DISCONNECT
/*C49*/SET SCHEMA PUBLIC
DISCONNECT
/*C50*/SET SCHEMA PUBLIC
DISCONNECT
/*C51*/SET SCHEMA PUBLIC
DISCONNECT
/*C52*/SET SCHEMA PUBLIC
DISCONNECT
/*C53*/SET SCHEMA PUBLIC
DISCONNECT
/*C54*/SET SCHEMA PUBLIC
DISCONNECT
/*C55*/SET SCHEMA PUBLIC
DISCONNECT
/*C56*/SET SCHEMA PUBLIC
DISCONNECT
/*C57*/SET SCHEMA PUBLIC
DISCONNECT
/*C58*/SET SCHEMA PUBLIC
DISCONNECT
/*C59*/SET SCHEMA PUBLIC
DISCONNECT
/*C60*/SET SCHEMA PUBLIC
DISCONNECT
/*C61*/SET SCHEMA PUBLIC
DISCONNECT
/*C62*/SET SCHEMA PUBLIC
DISCONNECT
/*C63*/SET SCHEMA PUBLIC
DISCONNECT
/*C64*/SET SCHEMA PUBLIC
DISCONNECT
/*C65*/SET SCHEMA PUBLIC
DISCONNECT
/*C66*/SET SCHEMA PUBLIC
DISCONNECT
/*C67*/SET SCHEMA PUBLIC
DISCONNECT
/*C68*/SET SCHEMA PUBLIC
DISCONNECT
/*C69*/SET SCHEMA PUBLIC
set schema PUBLIC
drop table if exists user cascade
drop table if exists address cascade
drop table if exists geo cascade
drop table if exists company cascade
drop table if exists post cascade
drop table if exists comment cascade
/*C70*/SET SCHEMA PUBLIC
DISCONNECT
/*C48*/SET SCHEMA PUBLIC
DISCONNECT
/*C69*/create table user (id integer generated by default as identity (start with 1, increment by 1) primary key, name varchar(255), username varchar(255), email varchar(255), phone varchar(21), website varchar(255), address_id integer, company_id integer)
create table address (id integer generated by default as identity (start with 1, increment by 1) primary key, street varchar(255), suite varchar(255), city varchar(255), zipcode varchar(20), geo_id integer)
create table company (id integer generated by default as identity (start with 1, increment by 1) primary key, name varchar(255), catchphrase varchar(255), bs varchar(255))
create table geo (id integer generated by default as identity (start with 1, increment by 1) primary key, lat varchar(20), lng varchar(20))
create table post (user_id integer, id integer generated by default as identity(start with 1, increment by 1) primary key, title varchar(255), body varchar(255), FOREIGN KEY (user_id) REFERENCES user(id))
create table comment (post_id integer, id integer generated by default as identity(start with 1, increment by 1) primary key, name varchar(255), email varchar(255), body varchar(500), FOREIGN KEY (post_id) REFERENCES post(id))
/*C71*/SET SCHEMA PUBLIC
DISCONNECT
/*C72*/SET SCHEMA PUBLIC
alter table company add column catch_phrase varchar(255)
alter table address add constraint FKco48e3q5mlq831ijyssn2t25q foreign key (geo_id) references geo
alter table user add constraint FKddefmvbrws3hvl5t0hnnsv8ox foreign key (address_id) references address
alter table user add constraint FK2yuxsfrkkrnkn5emoobcnnc3r foreign key (company_id) references company
INSERT INTO GEO VALUES(1,'-37.3159','81.1496')
INSERT INTO ADDRESS VALUES(1,'Kulas Light','Apt. 556','Gwenborough','92998-3874',1)
INSERT INTO COMPANY VALUES(1,'Romaguera-Crona',NULL,'harness real-time e-markets','Multi-layered client-server neural-net')
INSERT INTO USER VALUES(1,'Leanne Graham','Bret','Sincere@april.biz','1-770-736-8031 x56442','hildegard.org',1,1)
COMMIT
INSERT INTO GEO VALUES(2,'-43.9509','-34.4618')
INSERT INTO ADDRESS VALUES(2,'Victor Plains','Suite 879','Wisokyburgh','90566-7771',2)
INSERT INTO COMPANY VALUES(2,'Deckow-Crist',NULL,'synergize scalable supply-chains','Proactive didactic contingency')
INSERT INTO USER VALUES(2,'Ervin Howell','Antonette','Shanna@melissa.tv','010-692-6593 x09125','anastasia.net',2,2)
COMMIT
INSERT INTO GEO VALUES(3,'-68.6102','-47.0653')
INSERT INTO ADDRESS VALUES(3,'Douglas Extension','Suite 847','McKenziehaven','59590-4157',3)
INSERT INTO COMPANY VALUES(3,'Romaguera-Jacobson',NULL,'e-enable strategic applications','Face to face bifurcated interface')
INSERT INTO USER VALUES(3,'Clementine Bauch','Samantha','Nathan@yesenia.net','1-463-123-4447','ramiro.info',3,3)
COMMIT
INSERT INTO GEO VALUES(4,'29.4572','-164.2990')
INSERT INTO ADDRESS VALUES(4,'Hoeger Mall','Apt. 692','South Elvis','53919-4257',4)
INSERT INTO COMPANY VALUES(4,'Robel-Corkery',NULL,'transition cutting-edge web services','Multi-tiered zero tolerance productivity')
INSERT INTO USER VALUES(4,'Patricia Lebsack','Karianne','Julianne.OConner@kory.org','493-170-9623 x156','kale.biz',4,4)
COMMIT
INSERT INTO GEO VALUES(5,'-31.8129','62.5342')
INSERT INTO ADDRESS VALUES(5,'Skiles Walks','Suite 351','Roscoeview','33263',5)
INSERT INTO COMPANY VALUES(5,'Keebler LLC',NULL,'revolutionize end-to-end systems','User-centric fault-tolerant solution')
INSERT INTO USER VALUES(5,'Chelsey Dietrich','Kamren','Lucio_Hettinger@annie.ca','(254)954-1289','demarco.info',5,5)
COMMIT
INSERT INTO GEO VALUES(6,'-71.4197','71.7478')
INSERT INTO ADDRESS VALUES(6,'Norberto Crossing','Apt. 950','South Christy','23505-1337',6)
INSERT INTO COMPANY VALUES(6,'Considine-Lockman',NULL,'e-enable innovative applications','Synchronised bottom-line interface')
INSERT INTO USER VALUES(6,'Mrs. Dennis Schulist','Leopoldo_Corkery','Karley_Dach@jasper.info','1-477-935-8478 x6430','ola.org',6,6)
COMMIT
INSERT INTO GEO VALUES(7,'24.8918','21.8984')
INSERT INTO ADDRESS VALUES(7,'Rex Trail','Suite 280','Howemouth','58804-1099',7)
INSERT INTO COMPANY VALUES(7,'Johns Group',NULL,'generate enterprise e-tailers','Configurable multimedia task-force')
INSERT INTO USER VALUES(7,'Kurtis Weissnat','Elwyn.Skiles','Telly.Hoeger@billy.biz','210.067.6132','elvis.io',7,7)
COMMIT
INSERT INTO GEO VALUES(8,'-14.3990','-120.7677')
INSERT INTO ADDRESS VALUES(8,'Ellsworth Summit','Suite 729','Aliyaview','45169',8)
INSERT INTO COMPANY VALUES(8,'Abernathy Group',NULL,'e-enable extensible e-tailers','Implemented secondary concept')
INSERT INTO USER VALUES(8,'Nicholas Runolfsdottir V','Maxime_Nienow','Sherwood@rosamond.me','586.493.6943 x140','jacynthe.com',8,8)
COMMIT
INSERT INTO GEO VALUES(9,'24.6463','-168.8889')
INSERT INTO ADDRESS VALUES(9,'Dayna Park','Suite 449','Bartholomebury','76495-3109',9)
INSERT INTO COMPANY VALUES(9,'Yost and Sons',NULL,'aggregate real-time technologies','Switchable contextually-based project')
INSERT INTO USER VALUES(9,'Glenna Reichert','Delphine','Chaim_McDermott@dana.io','(775)976-6794 x41206','conrad.com',9,9)
COMMIT
INSERT INTO GEO VALUES(10,'-38.2386','57.2232')
INSERT INTO ADDRESS VALUES(10,'Kattie Turnpike','Suite 198','Lebsackbury','31428-2261',10)
INSERT INTO COMPANY VALUES(10,'Hoeger LLC',NULL,'target end-to-end models','Centralized empowering task-force')
INSERT INTO USER VALUES(10,'Clementina DuBuque','Moriah.Stanton','Rey.Padberg@karina.biz','024-648-3804','ambrose.net',10,10)
COMMIT
INSERT INTO POST VALUES(1,1,'sunt aut facere repellat provident occaecati excepturi optio reprehenderit','quia et suscipit\u000asuscipit recusandae consequuntur expedita et cum\u000areprehenderit molestiae ut ut quas totam\u000anostrum rerum est autem sunt rem eveniet architecto')
COMMIT
INSERT INTO POST VALUES(1,2,'qui est esse','est rerum tempore vitae\u000asequi sint nihil reprehenderit dolor beatae ea dolores neque\u000afugiat blanditiis voluptate porro vel nihil molestiae ut reiciendis\u000aqui aperiam non debitis possimus qui neque nisi nulla')
COMMIT
INSERT INTO POST VALUES(1,3,'ea molestias quasi exercitationem repellat qui ipsa sit aut','et iusto sed quo iure\u000avoluptatem occaecati omnis eligendi aut ad\u000avoluptatem doloribus vel accusantium quis pariatur\u000amolestiae porro eius odio et labore et velit aut')
COMMIT
INSERT INTO POST VALUES(1,4,'eum et est occaecati','ullam et saepe reiciendis voluptatem adipisci\u000asit amet autem assumenda provident rerum culpa\u000aquis hic commodi nesciunt rem tenetur doloremque ipsam iure\u000aquis sunt voluptatem rerum illo velit')
COMMIT
INSERT INTO POST VALUES(1,5,'nesciunt quas odio','repudiandae veniam quaerat sunt sed\u000aalias aut fugiat sit autem sed est\u000avoluptatem omnis possimus esse voluptatibus quis\u000aest aut tenetur dolor neque')
COMMIT
INSERT INTO POST VALUES(1,6,'dolorem eum magni eos aperiam quia','ut aspernatur corporis harum nihil quis provident sequi\u000amollitia nobis aliquid molestiae\u000aperspiciatis et ea nemo ab reprehenderit accusantium quas\u000avoluptate dolores velit et doloremque molestiae')
COMMIT
INSERT INTO POST VALUES(1,7,'magnam facilis autem','dolore placeat quibusdam ea quo vitae\u000amagni quis enim qui quis quo nemo aut saepe\u000aquidem repellat excepturi ut quia\u000asunt ut sequi eos ea sed quas')
COMMIT
INSERT INTO POST VALUES(1,8,'dolorem dolore est ipsam','dignissimos aperiam dolorem qui eum\u000afacilis quibusdam animi sint suscipit qui sint possimus cum\u000aquaerat magni maiores excepturi\u000aipsam ut commodi dolor voluptatum modi aut vitae')
COMMIT
INSERT INTO POST VALUES(1,9,'nesciunt iure omnis dolorem tempora et accusantium','consectetur animi nesciunt iure dolore\u000aenim quia ad\u000aveniam autem ut quam aut nobis\u000aet est aut quod aut provident voluptas autem voluptas')
COMMIT
INSERT INTO POST VALUES(1,10,'optio molestias id quia eum','quo et expedita modi cum officia vel magni\u000adoloribus qui repudiandae\u000avero nisi sit\u000aquos veniam quod sed accusamus veritatis error')
COMMIT
INSERT INTO POST VALUES(2,11,'et ea vero quia laudantium autem','delectus reiciendis molestiae occaecati non minima eveniet qui voluptatibus\u000aaccusamus in eum beatae sit\u000avel qui neque voluptates ut commodi qui incidunt\u000aut animi commodi')
COMMIT
INSERT INTO POST VALUES(2,12,'in quibusdam tempore odit est dolorem','itaque id aut magnam\u000apraesentium quia et ea odit et ea voluptas et\u000asapiente quia nihil amet occaecati quia id voluptatem\u000aincidunt ea est distinctio odio')
COMMIT
INSERT INTO POST VALUES(2,13,'dolorum ut in voluptas mollitia et saepe quo animi','aut dicta possimus sint mollitia voluptas commodi quo doloremque\u000aiste corrupti reiciendis voluptatem eius rerum\u000asit cumque quod eligendi laborum minima\u000aperferendis recusandae assumenda consectetur porro architecto ipsum ipsam')
COMMIT
INSERT INTO POST VALUES(2,14,'voluptatem eligendi optio','fuga et accusamus dolorum perferendis illo voluptas\u000anon doloremque neque facere\u000aad qui dolorum molestiae beatae\u000ased aut voluptas totam sit illum')
COMMIT
INSERT INTO POST VALUES(2,15,'eveniet quod temporibus','reprehenderit quos placeat\u000avelit minima officia dolores impedit repudiandae molestiae nam\u000avoluptas recusandae quis delectus\u000aofficiis harum fugiat vitae')
COMMIT
INSERT INTO POST VALUES(2,16,'sint suscipit perspiciatis velit dolorum rerum ipsa laboriosam odio','suscipit nam nisi quo aperiam aut\u000aasperiores eos fugit maiores voluptatibus quia\u000avoluptatem quis ullam qui in alias quia est\u000aconsequatur magni mollitia accusamus ea nisi voluptate dicta')
COMMIT
INSERT INTO POST VALUES(2,17,'fugit voluptas sed molestias voluptatem provident','eos voluptas et aut odit natus earum\u000aaspernatur fuga molestiae ullam\u000adeserunt ratione qui eos\u000aqui nihil ratione nemo velit ut aut id quo')
COMMIT
INSERT INTO POST VALUES(2,18,'voluptate et itaque vero tempora molestiae','eveniet quo quis\u000alaborum totam consequatur non dolor\u000aut et est repudiandae\u000aest voluptatem vel debitis et magnam')
COMMIT
INSERT INTO POST VALUES(2,19,'adipisci placeat illum aut reiciendis qui','illum quis cupiditate provident sit magnam\u000aea sed aut omnis\u000aveniam maiores ullam consequatur atque\u000aadipisci quo iste expedita sit quos voluptas')
COMMIT
INSERT INTO POST VALUES(2,20,'doloribus ad provident suscipit at','qui consequuntur ducimus possimus quisquam amet similique\u000asuscipit porro ipsam amet\u000aeos veritatis officiis exercitationem vel fugit aut necessitatibus totam\u000aomnis rerum consequatur expedita quidem cumque explicabo')
COMMIT
INSERT INTO POST VALUES(3,21,'asperiores ea ipsam voluptatibus modi minima quia sint','repellat aliquid praesentium dolorem quo\u000ased totam minus non itaque\u000anihil labore molestiae sunt dolor eveniet hic recusandae veniam\u000atempora et tenetur expedita sunt')
COMMIT
INSERT INTO POST VALUES(3,22,'dolor sint quo a velit explicabo quia nam','eos qui et ipsum ipsam suscipit aut\u000ased omnis non odio\u000aexpedita earum mollitia molestiae aut atque rem suscipit\u000anam impedit esse')
COMMIT
INSERT INTO POST VALUES(3,23,'maxime id vitae nihil numquam','veritatis unde neque eligendi\u000aquae quod architecto quo neque vitae\u000aest illo sit tempora doloremque fugit quod\u000aet et vel beatae sequi ullam sed tenetur perspiciatis')
COMMIT
INSERT INTO POST VALUES(3,24,'autem hic labore sunt dolores incidunt','enim et ex nulla\u000aomnis voluptas quia qui\u000avoluptatem consequatur numquam aliquam sunt\u000atotam recusandae id dignissimos aut sed asperiores deserunt')
COMMIT
INSERT INTO POST VALUES(3,25,'rem alias distinctio quo quis','ullam consequatur ut\u000aomnis quis sit vel consequuntur\u000aipsa eligendi ipsum molestiae et omnis error nostrum\u000amolestiae illo tempore quia et distinctio')
COMMIT
INSERT INTO POST VALUES(3,26,'est et quae odit qui non','similique esse doloribus nihil accusamus\u000aomnis dolorem fuga consequuntur reprehenderit fugit recusandae temporibus\u000aperspiciatis cum ut laudantium\u000aomnis aut molestiae vel vero')
COMMIT
INSERT INTO POST VALUES(3,27,'quasi id et eos tenetur aut quo autem','eum sed dolores ipsam sint possimus debitis occaecati\u000adebitis qui qui et\u000aut placeat enim earum aut odit facilis\u000aconsequatur suscipit necessitatibus rerum sed inventore temporibus consequatur')
COMMIT
INSERT INTO POST VALUES(3,28,'delectus ullam et corporis nulla voluptas sequi','non et quaerat ex quae ad maiores\u000amaiores recusandae totam aut blanditiis mollitia quas illo\u000aut voluptatibus voluptatem\u000asimilique nostrum eum')
COMMIT
INSERT INTO POST VALUES(3,29,'iusto eius quod necessitatibus culpa ea','odit magnam ut saepe sed non qui\u000atempora atque nihil\u000aaccusamus illum doloribus illo dolor\u000aeligendi repudiandae odit magni similique sed cum maiores')
COMMIT
INSERT INTO POST VALUES(3,30,'a quo magni similique perferendis','alias dolor cumque\u000aimpedit blanditiis non eveniet odio maxime\u000ablanditiis amet eius quis tempora quia autem rem\u000aa provident perspiciatis quia')
COMMIT
INSERT INTO POST VALUES(4,31,'ullam ut quidem id aut vel consequuntur','debitis eius sed quibusdam non quis consectetur vitae\u000aimpedit ut qui consequatur sed aut in\u000aquidem sit nostrum et maiores adipisci atque\u000aquaerat voluptatem adipisci repudiandae')
COMMIT
INSERT INTO POST VALUES(4,32,'doloremque illum aliquid sunt','deserunt eos nobis asperiores et hic\u000aest debitis repellat molestiae optio\u000anihil ratione ut eos beatae quibusdam distinctio maiores\u000aearum voluptates et aut adipisci ea maiores voluptas maxime')
COMMIT
INSERT INTO POST VALUES(4,33,'qui explicabo molestiae dolorem','rerum ut et numquam laborum odit est sit\u000aid qui sint in\u000aquasi tenetur tempore aperiam et quaerat qui in\u000arerum officiis sequi cumque quod')
COMMIT
INSERT INTO POST VALUES(4,34,'magnam ut rerum iure','ea velit perferendis earum ut voluptatem voluptate itaque iusto\u000atotam pariatur in\u000anemo voluptatem voluptatem autem magni tempora minima in\u000aest distinctio qui assumenda accusamus dignissimos officia nesciunt nobis')
COMMIT
INSERT INTO POST VALUES(4,35,'id nihil consequatur molestias animi provident','nisi error delectus possimus ut eligendi vitae\u000aplaceat eos harum cupiditate facilis reprehenderit voluptatem beatae\u000amodi ducimus quo illum voluptas eligendi\u000aet nobis quia fugit')
COMMIT
INSERT INTO POST VALUES(4,36,'fuga nam accusamus voluptas reiciendis itaque','ad mollitia et omnis minus architecto odit\u000avoluptas doloremque maxime aut non ipsa qui alias veniam\u000ablanditiis culpa aut quia nihil cumque facere et occaecati\u000aqui aspernatur quia eaque ut aperiam inventore')
COMMIT
INSERT INTO POST VALUES(4,37,'provident vel ut sit ratione est','debitis et eaque non officia sed nesciunt pariatur vel\u000avoluptatem iste vero et ea\u000anumquam aut expedita ipsum nulla in\u000avoluptates omnis consequatur aut enim officiis in quam qui')
COMMIT
INSERT INTO POST VALUES(4,38,'explicabo et eos deleniti nostrum ab id repellendus','animi esse sit aut sit nesciunt assumenda eum voluptas\u000aquia voluptatibus provident quia necessitatibus ea\u000arerum repudiandae quia voluptatem delectus fugit aut id quia\u000aratione optio eos iusto veniam iure')
COMMIT
INSERT INTO POST VALUES(4,39,'eos dolorem iste accusantium est eaque quam','corporis rerum ducimus vel eum accusantium\u000amaxime aspernatur a porro possimus iste omnis\u000aest in deleniti asperiores fuga aut\u000avoluptas sapiente vel dolore minus voluptatem incidunt ex')
COMMIT
INSERT INTO POST VALUES(4,40,'enim quo cumque','ut voluptatum aliquid illo tenetur nemo sequi quo facilis\u000aipsum rem optio mollitia quas\u000avoluptatem eum voluptas qui\u000aunde omnis voluptatem iure quasi maxime voluptas nam')
COMMIT
INSERT INTO POST VALUES(5,41,'non est facere','molestias id nostrum\u000aexcepturi molestiae dolore omnis repellendus quaerat saepe\u000aconsectetur iste quaerat tenetur asperiores accusamus ex ut\u000anam quidem est ducimus sunt debitis saepe')
COMMIT
INSERT INTO POST VALUES(5,42,'commodi ullam sint et excepturi error explicabo praesentium voluptas','odio fugit voluptatum ducimus earum autem est incidunt voluptatem\u000aodit reiciendis aliquam sunt sequi nulla dolorem\u000anon facere repellendus voluptates quia\u000aratione harum vitae ut')
COMMIT
INSERT INTO POST VALUES(5,43,'eligendi iste nostrum consequuntur adipisci praesentium sit beatae perferendis','similique fugit est\u000aillum et dolorum harum et voluptate eaque quidem\u000aexercitationem quos nam commodi possimus cum odio nihil nulla\u000adolorum exercitationem magnam ex et a et distinctio debitis')
COMMIT
INSERT INTO POST VALUES(5,44,'optio dolor molestias sit','temporibus est consectetur dolore\u000aet libero debitis vel velit laboriosam quia\u000aipsum quibusdam qui itaque fuga rem aut\u000aea et iure quam sed maxime ut distinctio quae')
COMMIT
INSERT INTO POST VALUES(5,45,'ut numquam possimus omnis eius suscipit laudantium iure','est natus reiciendis nihil possimus aut provident\u000aex et dolor\u000arepellat pariatur est\u000anobis rerum repellendus dolorem autem')
COMMIT
INSERT INTO POST VALUES(5,46,'aut quo modi neque nostrum ducimus','voluptatem quisquam iste\u000avoluptatibus natus officiis facilis dolorem\u000aquis quas ipsam\u000avel et voluptatum in aliquid')
COMMIT
INSERT INTO POST VALUES(5,47,'quibusdam cumque rem aut deserunt','voluptatem assumenda ut qui ut cupiditate aut impedit veniam\u000aoccaecati nemo illum voluptatem laudantium\u000amolestiae beatae rerum ea iure soluta nostrum\u000aeligendi et voluptate')
COMMIT
INSERT INTO POST VALUES(5,48,'ut voluptatem illum ea doloribus itaque eos','voluptates quo voluptatem facilis iure occaecati\u000avel assumenda rerum officia et\u000aillum perspiciatis ab deleniti\u000alaudantium repellat ad ut et autem reprehenderit')
COMMIT
INSERT INTO POST VALUES(5,49,'laborum non sunt aut ut assumenda perspiciatis voluptas','inventore ab sint\u000anatus fugit id nulla sequi architecto nihil quaerat\u000aeos tenetur in in eum veritatis non\u000aquibusdam officiis aspernatur cumque aut commodi aut')
COMMIT
INSERT INTO POST VALUES(5,50,'repellendus qui recusandae incidunt voluptates tenetur qui omnis exercitationem','error suscipit maxime adipisci consequuntur recusandae\u000avoluptas eligendi et est et voluptates\u000aquia distinctio ab amet quaerat molestiae et vitae\u000aadipisci impedit sequi nesciunt quis consectetur')
COMMIT
INSERT INTO POST VALUES(6,51,'soluta aliquam aperiam consequatur illo quis voluptas','sunt dolores aut doloribus\u000adolore doloribus voluptates tempora et\u000adoloremque et quo\u000acum asperiores sit consectetur dolorem')
COMMIT
INSERT INTO POST VALUES(6,52,'qui enim et consequuntur quia animi quis voluptate quibusdam','iusto est quibusdam fuga quas quaerat molestias\u000aa enim ut sit accusamus enim\u000atemporibus iusto accusantium provident architecto\u000asoluta esse reprehenderit qui laborum')
COMMIT
INSERT INTO POST VALUES(6,53,'ut quo aut ducimus alias','minima harum praesentium eum rerum illo dolore\u000aquasi exercitationem rerum nam\u000aporro quis neque quo\u000aconsequatur minus dolor quidem veritatis sunt non explicabo similique')
COMMIT
INSERT INTO POST VALUES(6,54,'sit asperiores ipsam eveniet odio non quia','totam corporis dignissimos\u000avitae dolorem ut occaecati accusamus\u000aex velit deserunt\u000aet exercitationem vero incidunt corrupti mollitia')
COMMIT
INSERT INTO POST VALUES(6,55,'sit vel voluptatem et non libero','debitis excepturi ea perferendis harum libero optio\u000aeos accusamus cum fuga ut sapiente repudiandae\u000aet ut incidunt omnis molestiae\u000anihil ut eum odit')
COMMIT
INSERT INTO POST VALUES(6,56,'qui et at rerum necessitatibus','aut est omnis dolores\u000aneque rerum quod ea rerum velit pariatur beatae excepturi\u000aet provident voluptas corrupti\u000acorporis harum reprehenderit dolores eligendi')
COMMIT
INSERT INTO POST VALUES(6,57,'sed ab est est','at pariatur consequuntur earum quidem\u000aquo est laudantium soluta voluptatem\u000aqui ullam et est\u000aet cum voluptas voluptatum repellat est')
COMMIT
INSERT INTO POST VALUES(6,58,'voluptatum itaque dolores nisi et quasi','veniam voluptatum quae adipisci id\u000aet id quia eos ad et dolorem\u000aaliquam quo nisi sunt eos impedit error\u000aad similique veniam')
COMMIT
INSERT INTO POST VALUES(6,59,'qui commodi dolor at maiores et quis id accusantium','perspiciatis et quam ea autem temporibus non voluptatibus qui\u000abeatae a earum officia nesciunt dolores suscipit voluptas et\u000aanimi doloribus cum rerum quas et magni\u000aet hic ut ut commodi expedita sunt')
COMMIT
INSERT INTO POST VALUES(6,60,'consequatur placeat omnis quisquam quia reprehenderit fugit veritatis facere','asperiores sunt ab assumenda cumque modi velit\u000aqui esse omnis\u000avoluptate et fuga perferendis voluptas\u000aillo ratione amet aut et omnis')
COMMIT
INSERT INTO POST VALUES(7,61,'voluptatem doloribus consectetur est ut ducimus','ab nemo optio odio\u000adelectus tenetur corporis similique nobis repellendus rerum omnis facilis\u000avero blanditiis debitis in nesciunt doloribus dicta dolores\u000amagnam minus velit')
COMMIT
INSERT INTO POST VALUES(7,62,'beatae enim quia vel','enim aspernatur illo distinctio quae praesentium\u000abeatae alias amet delectus qui voluptate distinctio\u000aodit sint accusantium autem omnis\u000aquo molestiae omnis ea eveniet optio')
COMMIT
INSERT INTO POST VALUES(7,63,'voluptas blanditiis repellendus animi ducimus error sapiente et suscipit','enim adipisci aspernatur nemo\u000anumquam omnis facere dolorem dolor ex quis temporibus incidunt\u000aab delectus culpa quo reprehenderit blanditiis asperiores\u000aaccusantium ut quam in voluptatibus voluptas ipsam dicta')
COMMIT
INSERT INTO POST VALUES(7,64,'et fugit quas eum in in aperiam quod','id velit blanditiis\u000aeum ea voluptatem\u000amolestiae sint occaecati est eos perspiciatis\u000aincidunt a error provident eaque aut aut qui')
COMMIT
INSERT INTO POST VALUES(7,65,'consequatur id enim sunt et et','voluptatibus ex esse\u000asint explicabo est aliquid cumque adipisci fuga repellat labore\u000amolestiae corrupti ex saepe at asperiores et perferendis\u000anatus id esse incidunt pariatur')
COMMIT
INSERT INTO POST VALUES(7,66,'repudiandae ea animi iusto','officia veritatis tenetur vero qui itaque\u000asint non ratione\u000ased et ut asperiores iusto eos molestiae nostrum\u000averitatis quibusdam et nemo iusto saepe')
COMMIT
INSERT INTO POST VALUES(7,67,'aliquid eos sed fuga est maxime repellendus','reprehenderit id nostrum\u000avoluptas doloremque pariatur sint et accusantium quia quod aspernatur\u000aet fugiat amet\u000anon sapiente et consequatur necessitatibus molestiae')
COMMIT
INSERT INTO POST VALUES(7,68,'odio quis facere architecto reiciendis optio','magnam molestiae perferendis quisquam\u000aqui cum reiciendis\u000aquaerat animi amet hic inventore\u000aea quia deleniti quidem saepe porro velit')
COMMIT
INSERT INTO POST VALUES(7,69,'fugiat quod pariatur odit minima','officiis error culpa consequatur modi asperiores et\u000adolorum assumenda voluptas et vel qui aut vel rerum\u000avoluptatum quisquam perspiciatis quia rerum consequatur totam quas\u000asequi commodi repudiandae asperiores et saepe a')
COMMIT
INSERT INTO POST VALUES(7,70,'voluptatem laborum magni','sunt repellendus quae\u000aest asperiores aut deleniti esse accusamus repellendus quia aut\u000aquia dolorem unde\u000aeum tempora esse dolore')
COMMIT
INSERT INTO POST VALUES(8,71,'et iusto veniam et illum aut fuga','occaecati a doloribus\u000aiste saepe consectetur placeat eum voluptate dolorem et\u000aqui quo quia voluptas\u000arerum ut id enim velit est perferendis')
COMMIT
INSERT INTO POST VALUES(8,72,'sint hic doloribus consequatur eos non id','quam occaecati qui deleniti consectetur\u000aconsequatur aut facere quas exercitationem aliquam hic voluptas\u000aneque id sunt ut aut accusamus\u000asunt consectetur expedita inventore velit')
COMMIT
INSERT INTO POST VALUES(8,73,'consequuntur deleniti eos quia temporibus ab aliquid at','voluptatem cumque tenetur consequatur expedita ipsum nemo quia explicabo\u000aaut eum minima consequatur\u000atempore cumque quae est et\u000aet in consequuntur voluptatem voluptates aut')
COMMIT
INSERT INTO POST VALUES(8,74,'enim unde ratione doloribus quas enim ut sit sapiente','odit qui et et necessitatibus sint veniam\u000amollitia amet doloremque molestiae commodi similique magnam et quam\u000ablanditiis est itaque\u000aquo et tenetur ratione occaecati molestiae tempora')
COMMIT
INSERT INTO POST VALUES(8,75,'dignissimos eum dolor ut enim et delectus in','commodi non non omnis et voluptas sit\u000aautem aut nobis magnam et sapiente voluptatem\u000aet laborum repellat qui delectus facilis temporibus\u000arerum amet et nemo voluptate expedita adipisci error dolorem')
COMMIT
INSERT INTO POST VALUES(8,76,'doloremque officiis ad et non perferendis','ut animi facere\u000atotam iusto tempore\u000amolestiae eum aut et dolorem aperiam\u000aquaerat recusandae totam odio')
COMMIT
INSERT INTO POST VALUES(8,77,'necessitatibus quasi exercitationem odio','modi ut in nulla repudiandae dolorum nostrum eos\u000aaut consequatur omnis\u000aut incidunt est omnis iste et quam\u000avoluptates sapiente aliquam asperiores nobis amet corrupti repudiandae provident')
COMMIT
INSERT INTO POST VALUES(8,78,'quam voluptatibus rerum veritatis','nobis facilis odit tempore cupiditate quia\u000aassumenda doloribus rerum qui ea\u000aillum et qui totam\u000aaut veniam repellendus')
COMMIT
INSERT INTO POST VALUES(8,79,'pariatur consequatur quia magnam autem omnis non amet','libero accusantium et et facere incidunt sit dolorem\u000anon excepturi qui quia sed laudantium\u000aquisquam molestiae ducimus est\u000aofficiis esse molestiae iste et quos')
COMMIT
INSERT INTO POST VALUES(8,80,'labore in ex et explicabo corporis aut quas','ex quod dolorem ea eum iure qui provident amet\u000aquia qui facere excepturi et repudiandae\u000aasperiores molestias provident\u000aminus incidunt vero fugit rerum sint sunt excepturi provident')
COMMIT
INSERT INTO POST VALUES(9,81,'tempora rem veritatis voluptas quo dolores vero','facere qui nesciunt est voluptatum voluptatem nisi\u000asequi eligendi necessitatibus ea at rerum itaque\u000aharum non ratione velit laboriosam quis consequuntur\u000aex officiis minima doloremque voluptas ut aut')
COMMIT
INSERT INTO POST VALUES(9,82,'laudantium voluptate suscipit sunt enim enim','ut libero sit aut totam inventore sunt\u000aporro sint qui sunt molestiae\u000aconsequatur cupiditate qui iste ducimus adipisci\u000adolor enim assumenda soluta laboriosam amet iste delectus hic')
COMMIT
INSERT INTO POST VALUES(9,83,'odit et voluptates doloribus alias odio et','est molestiae facilis quis tempora numquam nihil qui\u000avoluptate sapiente consequatur est qui\u000anecessitatibus autem aut ipsa aperiam modi dolore numquam\u000areprehenderit eius rem quibusdam')
COMMIT
INSERT INTO POST VALUES(9,84,'optio ipsam molestias necessitatibus occaecati facilis veritatis dolores aut','sint molestiae magni a et quos\u000aeaque et quasi\u000aut rerum debitis similique veniam\u000arecusandae dignissimos dolor incidunt consequatur odio')
COMMIT
INSERT INTO POST VALUES(9,85,'dolore veritatis porro provident adipisci blanditiis et sunt','similique sed nisi voluptas iusto omnis\u000amollitia et quo\u000aassumenda suscipit officia magnam sint sed tempora\u000aenim provident pariatur praesentium atque animi amet ratione')
COMMIT
INSERT INTO POST VALUES(9,86,'placeat quia et porro iste','quasi excepturi consequatur iste autem temporibus sed molestiae beatae\u000aet quaerat et esse ut\u000avoluptatem occaecati et vel explicabo autem\u000aasperiores pariatur deserunt optio')
COMMIT
INSERT INTO POST VALUES(9,87,'nostrum quis quasi placeat','eos et molestiae\u000anesciunt ut a\u000adolores perspiciatis repellendus repellat aliquid\u000amagnam sint rem ipsum est')
COMMIT
INSERT INTO POST VALUES(9,88,'sapiente omnis fugit eos','consequatur omnis est praesentium\u000aducimus non iste\u000aneque hic deserunt\u000avoluptatibus veniam cum et rerum sed')
COMMIT
INSERT INTO POST VALUES(9,89,'sint soluta et vel magnam aut ut sed qui','repellat aut aperiam totam temporibus autem et\u000aarchitecto magnam ut\u000aconsequatur qui cupiditate rerum quia soluta dignissimos nihil iure\u000atempore quas est')
COMMIT
INSERT INTO POST VALUES(9,90,'ad iusto omnis odit dolor voluptatibus','minus omnis soluta quia\u000aqui sed adipisci voluptates illum ipsam voluptatem\u000aeligendi officia ut in\u000aeos soluta similique molestias praesentium blanditiis')
COMMIT
INSERT INTO POST VALUES(10,91,'aut amet sed','libero voluptate eveniet aperiam sed\u000asunt placeat suscipit molestias\u000asimilique fugit nam natus\u000aexpedita consequatur consequatur dolores quia eos et placeat')
COMMIT
INSERT INTO POST VALUES(10,92,'ratione ex tenetur perferendis','aut et excepturi dicta laudantium sint rerum nihil\u000alaudantium et at\u000aa neque minima officia et similique libero et\u000acommodi voluptate qui')
COMMIT
INSERT INTO POST VALUES(10,93,'beatae soluta recusandae','dolorem quibusdam ducimus consequuntur dicta aut quo laboriosam\u000avoluptatem quis enim recusandae ut sed sunt\u000anostrum est odit totam\u000asit error sed sunt eveniet provident qui nulla')
COMMIT
INSERT INTO POST VALUES(10,94,'qui qui voluptates illo iste minima','aspernatur expedita soluta quo ab ut similique\u000aexpedita dolores amet\u000ased temporibus distinctio magnam saepe deleniti\u000aomnis facilis nam ipsum natus sint similique omnis')
COMMIT
INSERT INTO POST VALUES(10,95,'id minus libero illum nam ad officiis','earum voluptatem facere provident blanditiis velit laboriosam\u000apariatur accusamus odio saepe\u000acumque dolor qui a dicta ab doloribus consequatur omnis\u000acorporis cupiditate eaque assumenda ad nesciunt')
COMMIT
INSERT INTO POST VALUES(10,96,'quaerat velit veniam amet cupiditate aut numquam ut sequi','in non odio excepturi sint eum\u000alabore voluptates vitae quia qui et\u000ainventore itaque rerum\u000aveniam non exercitationem delectus aut')
COMMIT
INSERT INTO POST VALUES(10,97,'quas fugiat ut perspiciatis vero provident','eum non blanditiis soluta porro quibusdam voluptas\u000avel voluptatem qui placeat dolores qui velit aut\u000avel inventore aut cumque culpa explicabo aliquid at\u000aperspiciatis est et voluptatem dignissimos dolor itaque sit nam')
COMMIT
INSERT INTO POST VALUES(10,98,'laboriosam dolor voluptates','doloremque ex facilis sit sint culpa\u000asoluta assumenda eligendi non ut eius\u000asequi ducimus vel quasi\u000averitatis est dolores')
COMMIT
INSERT INTO POST VALUES(10,99,'temporibus sit alias delectus eligendi possimus magni','quo deleniti praesentium dicta non quod\u000aaut est molestias\u000amolestias et officia quis nihil\u000aitaque dolorem quia')
COMMIT
INSERT INTO POST VALUES(10,100,'at nam consequatur ea labore ea harum','cupiditate quo est a modi nesciunt soluta\u000aipsa voluptas error itaque dicta in\u000aautem qui minus magnam et distinctio eum\u000aaccusamus ratione error aut')
COMMIT
/*C81*/SET SCHEMA PUBLIC
DISCONNECT
/*C72*/DISCONNECT
/*C73*/SET SCHEMA PUBLIC
DISCONNECT
/*C78*/SET SCHEMA PUBLIC
DISCONNECT
/*C77*/SET SCHEMA PUBLIC
DISCONNECT
/*C79*/SET SCHEMA PUBLIC
DISCONNECT
/*C69*/DISCONNECT
/*C76*/SET SCHEMA PUBLIC
DISCONNECT
/*C80*/SET SCHEMA PUBLIC
DISCONNECT
/*C74*/SET SCHEMA PUBLIC
DISCONNECT
/*C75*/SET SCHEMA PUBLIC
DISCONNECT
/*C82*/SET SCHEMA PUBLIC
DISCONNECT
/*C83*/SET SCHEMA PUBLIC
DISCONNECT
/*C84*/SET SCHEMA PUBLIC
DISCONNECT
/*C85*/SET SCHEMA PUBLIC
DISCONNECT
/*C86*/SET SCHEMA PUBLIC
DISCONNECT
/*C87*/SET SCHEMA PUBLIC
DISCONNECT
/*C88*/SET SCHEMA PUBLIC
DISCONNECT
/*C89*/SET SCHEMA PUBLIC
DISCONNECT
/*C90*/SET SCHEMA PUBLIC
DISCONNECT
/*C91*/SET SCHEMA PUBLIC
DISCONNECT
/*C95*/SET SCHEMA PUBLIC
DISCONNECT
/*C96*/SET SCHEMA PUBLIC
DISCONNECT
/*C97*/SET SCHEMA PUBLIC
DISCONNECT
/*C98*/SET SCHEMA PUBLIC
DISCONNECT
/*C92*/SET SCHEMA PUBLIC
DISCONNECT
/*C99*/SET SCHEMA PUBLIC
DISCONNECT
/*C94*/SET SCHEMA PUBLIC
DISCONNECT
/*C93*/SET SCHEMA PUBLIC
DISCONNECT
/*C100*/SET SCHEMA PUBLIC
DISCONNECT
/*C101*/SET SCHEMA PUBLIC
DISCONNECT
