2024-01-29 17:53:24,418 INFO com.jsonplaceholder.communityservice.CommunityServiceApplication {1.} [restartedMain] - Starting CommunityServiceApplication using Java 17.0.9 with PID 160 (C:\Users\Anastasiia\Desktop\Uczelnia\V_semestr_(ITN)\JAZ\Project\community-service\target\classes started by Anastasiia in C:\Users\Anastasiia\Desktop\Uczelnia\V_semestr_(ITN)\JAZ\Project)
2024-01-29 17:53:24,444 INFO com.jsonplaceholder.communityservice.CommunityServiceApplication {1.} [restartedMain] - No active profile set, falling back to 1 default profile: "default"
2024-01-29 17:53:30,983 INFO com.jsonplaceholder.communityservice.CommunityServiceApplication {1.} [restartedMain] - Started CommunityServiceApplication in 7.146 seconds (process running for 8.896)
2024-01-29 17:53:49,229 INFO com.jsonplaceholder.communityservice.services.UserService {1.} [http-nio-8080-exec-1] - Saving user: com.jsonplaceholder.communityservice.model.User@ecfbd196
2024-01-29 17:53:49,373 INFO com.jsonplaceholder.communityservice.services.UserService {1.} [http-nio-8080-exec-1] - Saving user: com.jsonplaceholder.communityservice.model.User@29bdd5b4
2024-01-29 17:53:49,384 INFO com.jsonplaceholder.communityservice.services.UserService {1.} [http-nio-8080-exec-1] - Saving user: com.jsonplaceholder.communityservice.model.User@b93270b3
2024-01-29 17:53:49,394 INFO com.jsonplaceholder.communityservice.services.UserService {1.} [http-nio-8080-exec-1] - Saving user: com.jsonplaceholder.communityservice.model.User@9f8b7727
2024-01-29 17:53:49,405 INFO com.jsonplaceholder.communityservice.services.UserService {1.} [http-nio-8080-exec-1] - Saving user: com.jsonplaceholder.communityservice.model.User@ed3d6327
2024-01-29 17:53:49,420 INFO com.jsonplaceholder.communityservice.services.UserService {1.} [http-nio-8080-exec-1] - Saving user: com.jsonplaceholder.communityservice.model.User@aa9701c3
2024-01-29 17:53:49,431 INFO com.jsonplaceholder.communityservice.services.UserService {1.} [http-nio-8080-exec-1] - Saving user: com.jsonplaceholder.communityservice.model.User@54cd83f3
2024-01-29 17:53:49,448 INFO com.jsonplaceholder.communityservice.services.UserService {1.} [http-nio-8080-exec-1] - Saving user: com.jsonplaceholder.communityservice.model.User@11ecde29
2024-01-29 17:53:49,462 INFO com.jsonplaceholder.communityservice.services.UserService {1.} [http-nio-8080-exec-1] - Saving user: com.jsonplaceholder.communityservice.model.User@f23bcda2
2024-01-29 17:53:49,476 INFO com.jsonplaceholder.communityservice.services.UserService {1.} [http-nio-8080-exec-1] - Saving user: com.jsonplaceholder.communityservice.model.User@505e335c
2024-01-29 17:53:52,053 INFO com.jsonplaceholder.communityservice.services.UserService {1.} [http-nio-8080-exec-3] - Fetching all users
2024-01-29 17:54:02,002 INFO com.jsonplaceholder.communityservice.services.PostService {1.} [http-nio-8080-exec-4] - Saving post: com.jsonplaceholder.communityservice.model.Post@8871355e
2024-01-29 17:54:02,025 INFO com.jsonplaceholder.communityservice.services.PostService {1.} [http-nio-8080-exec-4] - Saving post: com.jsonplaceholder.communityservice.model.Post@80b74840
2024-01-29 17:54:02,034 INFO com.jsonplaceholder.communityservice.services.PostService {1.} [http-nio-8080-exec-4] - Saving post: com.jsonplaceholder.communityservice.model.Post@9620fc95
2024-01-29 17:54:02,043 INFO com.jsonplaceholder.communityservice.services.PostService {1.} [http-nio-8080-exec-4] - Saving post: com.jsonplaceholder.communityservice.model.Post@35b9b438
2024-01-29 17:54:02,051 INFO com.jsonplaceholder.communityservice.services.PostService {1.} [http-nio-8080-exec-4] - Saving post: com.jsonplaceholder.communityservice.model.Post@af211995
2024-01-29 17:54:02,058 INFO com.jsonplaceholder.communityservice.services.PostService {1.} [http-nio-8080-exec-4] - Saving post: com.jsonplaceholder.communityservice.model.Post@4fff9929
2024-01-29 17:54:02,066 INFO com.jsonplaceholder.communityservice.services.PostService {1.} [http-nio-8080-exec-4] - Saving post: com.jsonplaceholder.communityservice.model.Post@40bb870a
2024-01-29 17:54:02,073 INFO com.jsonplaceholder.communityservice.services.PostService {1.} [http-nio-8080-exec-4] - Saving post: com.jsonplaceholder.communityservice.model.Post@59cbb236
2024-01-29 17:54:02,081 INFO com.jsonplaceholder.communityservice.services.PostService {1.} [http-nio-8080-exec-4] - Saving post: com.jsonplaceholder.communityservice.model.Post@c7edf1fd
2024-01-29 17:54:02,088 INFO com.jsonplaceholder.communityservice.services.PostService {1.} [http-nio-8080-exec-4] - Saving post: com.jsonplaceholder.communityservice.model.Post@c5433718
2024-01-29 17:54:02,095 INFO com.jsonplaceholder.communityservice.services.PostService {1.} [http-nio-8080-exec-4] - Saving post: com.jsonplaceholder.communityservice.model.Post@c3289f48
2024-01-29 17:54:02,104 INFO com.jsonplaceholder.communityservice.services.PostService {1.} [http-nio-8080-exec-4] - Saving post: com.jsonplaceholder.communityservice.model.Post@de8a40c1
2024-01-29 17:54:02,111 INFO com.jsonplaceholder.communityservice.services.PostService {1.} [http-nio-8080-exec-4] - Saving post: com.jsonplaceholder.communityservice.model.Post@2f5ff07d
2024-01-29 17:54:02,119 INFO com.jsonplaceholder.communityservice.services.PostService {1.} [http-nio-8080-exec-4] - Saving post: com.jsonplaceholder.communityservice.model.Post@dbdaf49a
2024-01-29 17:54:02,126 INFO com.jsonplaceholder.communityservice.services.PostService {1.} [http-nio-8080-exec-4] - Saving post: com.jsonplaceholder.communityservice.model.Post@60077bcd
2024-01-29 17:54:02,137 INFO com.jsonplaceholder.communityservice.services.PostService {1.} [http-nio-8080-exec-4] - Saving post: com.jsonplaceholder.communityservice.model.Post@3807d45a
2024-01-29 17:54:02,144 INFO com.jsonplaceholder.communityservice.services.PostService {1.} [http-nio-8080-exec-4] - Saving post: com.jsonplaceholder.communityservice.model.Post@ef6962cc
2024-01-29 17:54:02,152 INFO com.jsonplaceholder.communityservice.services.PostService {1.} [http-nio-8080-exec-4] - Saving post: com.jsonplaceholder.communityservice.model.Post@43f4fe03
2024-01-29 17:54:02,159 INFO com.jsonplaceholder.communityservice.services.PostService {1.} [http-nio-8080-exec-4] - Saving post: com.jsonplaceholder.communityservice.model.Post@bca2273e
2024-01-29 17:54:02,167 INFO com.jsonplaceholder.communityservice.services.PostService {1.} [http-nio-8080-exec-4] - Saving post: com.jsonplaceholder.communityservice.model.Post@22fb46f7
2024-01-29 17:54:02,174 INFO com.jsonplaceholder.communityservice.services.PostService {1.} [http-nio-8080-exec-4] - Saving post: com.jsonplaceholder.communityservice.model.Post@236097ea
2024-01-29 17:54:02,188 INFO com.jsonplaceholder.communityservice.services.PostService {1.} [http-nio-8080-exec-4] - Saving post: com.jsonplaceholder.communityservice.model.Post@173767f2
2024-01-29 17:54:02,195 INFO com.jsonplaceholder.communityservice.services.PostService {1.} [http-nio-8080-exec-4] - Saving post: com.jsonplaceholder.communityservice.model.Post@ff4f89c8
2024-01-29 17:54:02,202 INFO com.jsonplaceholder.communityservice.services.PostService {1.} [http-nio-8080-exec-4] - Saving post: com.jsonplaceholder.communityservice.model.Post@deddd352
2024-01-29 17:54:02,211 INFO com.jsonplaceholder.communityservice.services.PostService {1.} [http-nio-8080-exec-4] - Saving post: com.jsonplaceholder.communityservice.model.Post@e8ed25da
2024-01-29 17:54:02,220 INFO com.jsonplaceholder.communityservice.services.PostService {1.} [http-nio-8080-exec-4] - Saving post: com.jsonplaceholder.communityservice.model.Post@7e5f45d7
2024-01-29 17:54:02,229 INFO com.jsonplaceholder.communityservice.services.PostService {1.} [http-nio-8080-exec-4] - Saving post: com.jsonplaceholder.communityservice.model.Post@67246fc6
2024-01-29 17:54:02,238 INFO com.jsonplaceholder.communityservice.services.PostService {1.} [http-nio-8080-exec-4] - Saving post: com.jsonplaceholder.communityservice.model.Post@a70b3137
2024-01-29 17:54:02,247 INFO com.jsonplaceholder.communityservice.services.PostService {1.} [http-nio-8080-exec-4] - Saving post: com.jsonplaceholder.communityservice.model.Post@2b1394c8
2024-01-29 17:54:02,259 INFO com.jsonplaceholder.communityservice.services.PostService {1.} [http-nio-8080-exec-4] - Saving post: com.jsonplaceholder.communityservice.model.Post@3f3f0dc1
2024-01-29 17:54:02,270 INFO com.jsonplaceholder.communityservice.services.PostService {1.} [http-nio-8080-exec-4] - Saving post: com.jsonplaceholder.communityservice.model.Post@13b50747
2024-01-29 17:54:02,282 INFO com.jsonplaceholder.communityservice.services.PostService {1.} [http-nio-8080-exec-4] - Saving post: com.jsonplaceholder.communityservice.model.Post@a59e0c
2024-01-29 17:54:02,291 INFO com.jsonplaceholder.communityservice.services.PostService {1.} [http-nio-8080-exec-4] - Saving post: com.jsonplaceholder.communityservice.model.Post@bc4f6c1
2024-01-29 17:54:02,300 INFO com.jsonplaceholder.communityservice.services.PostService {1.} [http-nio-8080-exec-4] - Saving post: com.jsonplaceholder.communityservice.model.Post@c58d4ad1
2024-01-29 17:54:02,309 INFO com.jsonplaceholder.communityservice.services.PostService {1.} [http-nio-8080-exec-4] - Saving post: com.jsonplaceholder.communityservice.model.Post@3ad3cc27
2024-01-29 17:54:02,317 INFO com.jsonplaceholder.communityservice.services.PostService {1.} [http-nio-8080-exec-4] - Saving post: com.jsonplaceholder.communityservice.model.Post@38566cd6
2024-01-29 17:54:02,325 INFO com.jsonplaceholder.communityservice.services.PostService {1.} [http-nio-8080-exec-4] - Saving post: com.jsonplaceholder.communityservice.model.Post@ff376f96
2024-01-29 17:54:02,333 INFO com.jsonplaceholder.communityservice.services.PostService {1.} [http-nio-8080-exec-4] - Saving post: com.jsonplaceholder.communityservice.model.Post@a50c556
2024-01-29 17:54:02,340 INFO com.jsonplaceholder.communityservice.services.PostService {1.} [http-nio-8080-exec-4] - Saving post: com.jsonplaceholder.communityservice.model.Post@91e925a3
2024-01-29 17:54:02,347 INFO com.jsonplaceholder.communityservice.services.PostService {1.} [http-nio-8080-exec-4] - Saving post: com.jsonplaceholder.communityservice.model.Post@132008f0
2024-01-29 17:54:02,354 INFO com.jsonplaceholder.communityservice.services.PostService {1.} [http-nio-8080-exec-4] - Saving post: com.jsonplaceholder.communityservice.model.Post@56f30abf
2024-01-29 17:54:02,363 INFO com.jsonplaceholder.communityservice.services.PostService {1.} [http-nio-8080-exec-4] - Saving post: com.jsonplaceholder.communityservice.model.Post@c7090772
2024-01-29 17:54:02,369 INFO com.jsonplaceholder.communityservice.services.PostService {1.} [http-nio-8080-exec-4] - Saving post: com.jsonplaceholder.communityservice.model.Post@11540a85
2024-01-29 17:54:02,376 INFO com.jsonplaceholder.communityservice.services.PostService {1.} [http-nio-8080-exec-4] - Saving post: com.jsonplaceholder.communityservice.model.Post@30e6afea
2024-01-29 17:54:02,383 INFO com.jsonplaceholder.communityservice.services.PostService {1.} [http-nio-8080-exec-4] - Saving post: com.jsonplaceholder.communityservice.model.Post@d808a7f7
2024-01-29 17:54:02,393 INFO com.jsonplaceholder.communityservice.services.PostService {1.} [http-nio-8080-exec-4] - Saving post: com.jsonplaceholder.communityservice.model.Post@ea8ba672
2024-01-29 17:54:02,400 INFO com.jsonplaceholder.communityservice.services.PostService {1.} [http-nio-8080-exec-4] - Saving post: com.jsonplaceholder.communityservice.model.Post@f13c59e8
2024-01-29 17:54:02,410 INFO com.jsonplaceholder.communityservice.services.PostService {1.} [http-nio-8080-exec-4] - Saving post: com.jsonplaceholder.communityservice.model.Post@4fffc2a9
2024-01-29 17:54:02,418 INFO com.jsonplaceholder.communityservice.services.PostService {1.} [http-nio-8080-exec-4] - Saving post: com.jsonplaceholder.communityservice.model.Post@25288ec9
2024-01-29 17:54:02,425 INFO com.jsonplaceholder.communityservice.services.PostService {1.} [http-nio-8080-exec-4] - Saving post: com.jsonplaceholder.communityservice.model.Post@b60b69b6
2024-01-29 17:54:02,432 INFO com.jsonplaceholder.communityservice.services.PostService {1.} [http-nio-8080-exec-4] - Saving post: com.jsonplaceholder.communityservice.model.Post@a4e7112b
2024-01-29 17:54:02,442 INFO com.jsonplaceholder.communityservice.services.PostService {1.} [http-nio-8080-exec-4] - Saving post: com.jsonplaceholder.communityservice.model.Post@fd4f9bfa
2024-01-29 17:54:02,450 INFO com.jsonplaceholder.communityservice.services.PostService {1.} [http-nio-8080-exec-4] - Saving post: com.jsonplaceholder.communityservice.model.Post@e3bed6ad
2024-01-29 17:54:02,460 INFO com.jsonplaceholder.communityservice.services.PostService {1.} [http-nio-8080-exec-4] - Saving post: com.jsonplaceholder.communityservice.model.Post@80e56fb2
2024-01-29 17:54:02,468 INFO com.jsonplaceholder.communityservice.services.PostService {1.} [http-nio-8080-exec-4] - Saving post: com.jsonplaceholder.communityservice.model.Post@4573f902
2024-01-29 17:54:02,475 INFO com.jsonplaceholder.communityservice.services.PostService {1.} [http-nio-8080-exec-4] - Saving post: com.jsonplaceholder.communityservice.model.Post@b5ab25c9
2024-01-29 17:54:02,483 INFO com.jsonplaceholder.communityservice.services.PostService {1.} [http-nio-8080-exec-4] - Saving post: com.jsonplaceholder.communityservice.model.Post@9e667983
2024-01-29 17:54:02,491 INFO com.jsonplaceholder.communityservice.services.PostService {1.} [http-nio-8080-exec-4] - Saving post: com.jsonplaceholder.communityservice.model.Post@76656962
2024-01-29 17:54:02,500 INFO com.jsonplaceholder.communityservice.services.PostService {1.} [http-nio-8080-exec-4] - Saving post: com.jsonplaceholder.communityservice.model.Post@29805268
2024-01-29 17:54:02,510 INFO com.jsonplaceholder.communityservice.services.PostService {1.} [http-nio-8080-exec-4] - Saving post: com.jsonplaceholder.communityservice.model.Post@58f3abe0
2024-01-29 17:54:02,519 INFO com.jsonplaceholder.communityservice.services.PostService {1.} [http-nio-8080-exec-4] - Saving post: com.jsonplaceholder.communityservice.model.Post@c0528104
2024-01-29 17:54:02,527 INFO com.jsonplaceholder.communityservice.services.PostService {1.} [http-nio-8080-exec-4] - Saving post: com.jsonplaceholder.communityservice.model.Post@58863933
2024-01-29 17:54:02,535 INFO com.jsonplaceholder.communityservice.services.PostService {1.} [http-nio-8080-exec-4] - Saving post: com.jsonplaceholder.communityservice.model.Post@2c3d6bc6
2024-01-29 17:54:02,543 INFO com.jsonplaceholder.communityservice.services.PostService {1.} [http-nio-8080-exec-4] - Saving post: com.jsonplaceholder.communityservice.model.Post@562cbaa1
2024-01-29 17:54:02,550 INFO com.jsonplaceholder.communityservice.services.PostService {1.} [http-nio-8080-exec-4] - Saving post: com.jsonplaceholder.communityservice.model.Post@7cb548a4
2024-01-29 17:54:02,556 INFO com.jsonplaceholder.communityservice.services.PostService {1.} [http-nio-8080-exec-4] - Saving post: com.jsonplaceholder.communityservice.model.Post@c1ce7194
2024-01-29 17:54:02,563 INFO com.jsonplaceholder.communityservice.services.PostService {1.} [http-nio-8080-exec-4] - Saving post: com.jsonplaceholder.communityservice.model.Post@43306915
2024-01-29 17:54:02,571 INFO com.jsonplaceholder.communityservice.services.PostService {1.} [http-nio-8080-exec-4] - Saving post: com.jsonplaceholder.communityservice.model.Post@1f736d13
2024-01-29 17:54:02,577 INFO com.jsonplaceholder.communityservice.services.PostService {1.} [http-nio-8080-exec-4] - Saving post: com.jsonplaceholder.communityservice.model.Post@47b3aa80
2024-01-29 17:54:02,585 INFO com.jsonplaceholder.communityservice.services.PostService {1.} [http-nio-8080-exec-4] - Saving post: com.jsonplaceholder.communityservice.model.Post@987ad3ae
2024-01-29 17:54:02,592 INFO com.jsonplaceholder.communityservice.services.PostService {1.} [http-nio-8080-exec-4] - Saving post: com.jsonplaceholder.communityservice.model.Post@7660c8f4
2024-01-29 17:54:02,601 INFO com.jsonplaceholder.communityservice.services.PostService {1.} [http-nio-8080-exec-4] - Saving post: com.jsonplaceholder.communityservice.model.Post@26e58360
2024-01-29 17:54:02,609 INFO com.jsonplaceholder.communityservice.services.PostService {1.} [http-nio-8080-exec-4] - Saving post: com.jsonplaceholder.communityservice.model.Post@266c0cc7
2024-01-29 17:54:02,617 INFO com.jsonplaceholder.communityservice.services.PostService {1.} [http-nio-8080-exec-4] - Saving post: com.jsonplaceholder.communityservice.model.Post@1abb8a5d
2024-01-29 17:54:02,626 INFO com.jsonplaceholder.communityservice.services.PostService {1.} [http-nio-8080-exec-4] - Saving post: com.jsonplaceholder.communityservice.model.Post@978087f8
2024-01-29 17:54:02,636 INFO com.jsonplaceholder.communityservice.services.PostService {1.} [http-nio-8080-exec-4] - Saving post: com.jsonplaceholder.communityservice.model.Post@fd825f7b
2024-01-29 17:54:02,645 INFO com.jsonplaceholder.communityservice.services.PostService {1.} [http-nio-8080-exec-4] - Saving post: com.jsonplaceholder.communityservice.model.Post@a0183e8f
2024-01-29 17:54:02,655 INFO com.jsonplaceholder.communityservice.services.PostService {1.} [http-nio-8080-exec-4] - Saving post: com.jsonplaceholder.communityservice.model.Post@bfd3a6c1
2024-01-29 17:54:02,664 INFO com.jsonplaceholder.communityservice.services.PostService {1.} [http-nio-8080-exec-4] - Saving post: com.jsonplaceholder.communityservice.model.Post@472fb22f
2024-01-29 17:54:02,674 INFO com.jsonplaceholder.communityservice.services.PostService {1.} [http-nio-8080-exec-4] - Saving post: com.jsonplaceholder.communityservice.model.Post@5db3459d
2024-01-29 17:54:02,684 INFO com.jsonplaceholder.communityservice.services.PostService {1.} [http-nio-8080-exec-4] - Saving post: com.jsonplaceholder.communityservice.model.Post@4e93a6f0
2024-01-29 17:54:02,700 INFO com.jsonplaceholder.communityservice.services.PostService {1.} [http-nio-8080-exec-4] - Saving post: com.jsonplaceholder.communityservice.model.Post@2a129e86
2024-01-29 17:54:02,710 INFO com.jsonplaceholder.communityservice.services.PostService {1.} [http-nio-8080-exec-4] - Saving post: com.jsonplaceholder.communityservice.model.Post@a6c8a7d7
2024-01-29 17:54:02,720 INFO com.jsonplaceholder.communityservice.services.PostService {1.} [http-nio-8080-exec-4] - Saving post: com.jsonplaceholder.communityservice.model.Post@69b7043e
2024-01-29 17:54:02,728 INFO com.jsonplaceholder.communityservice.services.PostService {1.} [http-nio-8080-exec-4] - Saving post: com.jsonplaceholder.communityservice.model.Post@48adc536
2024-01-29 17:54:02,735 INFO com.jsonplaceholder.communityservice.services.PostService {1.} [http-nio-8080-exec-4] - Saving post: com.jsonplaceholder.communityservice.model.Post@83878512
2024-01-29 17:54:02,742 INFO com.jsonplaceholder.communityservice.services.PostService {1.} [http-nio-8080-exec-4] - Saving post: com.jsonplaceholder.communityservice.model.Post@e02cfde5
2024-01-29 17:54:02,750 INFO com.jsonplaceholder.communityservice.services.PostService {1.} [http-nio-8080-exec-4] - Saving post: com.jsonplaceholder.communityservice.model.Post@96efd5a5
2024-01-29 17:54:02,758 INFO com.jsonplaceholder.communityservice.services.PostService {1.} [http-nio-8080-exec-4] - Saving post: com.jsonplaceholder.communityservice.model.Post@ea30a7cd
2024-01-29 17:54:02,766 INFO com.jsonplaceholder.communityservice.services.PostService {1.} [http-nio-8080-exec-4] - Saving post: com.jsonplaceholder.communityservice.model.Post@c646c72e
2024-01-29 17:54:02,773 INFO com.jsonplaceholder.communityservice.services.PostService {1.} [http-nio-8080-exec-4] - Saving post: com.jsonplaceholder.communityservice.model.Post@41a81a38
2024-01-29 17:54:02,782 INFO com.jsonplaceholder.communityservice.services.PostService {1.} [http-nio-8080-exec-4] - Saving post: com.jsonplaceholder.communityservice.model.Post@7747e72e
2024-01-29 17:54:02,788 INFO com.jsonplaceholder.communityservice.services.PostService {1.} [http-nio-8080-exec-4] - Saving post: com.jsonplaceholder.communityservice.model.Post@495b622e
2024-01-29 17:54:02,796 INFO com.jsonplaceholder.communityservice.services.PostService {1.} [http-nio-8080-exec-4] - Saving post: com.jsonplaceholder.communityservice.model.Post@fa2a196d
2024-01-29 17:54:02,803 INFO com.jsonplaceholder.communityservice.services.PostService {1.} [http-nio-8080-exec-4] - Saving post: com.jsonplaceholder.communityservice.model.Post@9d2bd03a
2024-01-29 17:54:02,811 INFO com.jsonplaceholder.communityservice.services.PostService {1.} [http-nio-8080-exec-4] - Saving post: com.jsonplaceholder.communityservice.model.Post@56277038
2024-01-29 17:54:02,818 INFO com.jsonplaceholder.communityservice.services.PostService {1.} [http-nio-8080-exec-4] - Saving post: com.jsonplaceholder.communityservice.model.Post@c128a020
2024-01-29 17:54:02,826 INFO com.jsonplaceholder.communityservice.services.PostService {1.} [http-nio-8080-exec-4] - Saving post: com.jsonplaceholder.communityservice.model.Post@712d6ecf
2024-01-29 17:54:02,836 INFO com.jsonplaceholder.communityservice.services.PostService {1.} [http-nio-8080-exec-4] - Saving post: com.jsonplaceholder.communityservice.model.Post@eea29707
2024-01-29 17:54:02,846 INFO com.jsonplaceholder.communityservice.services.PostService {1.} [http-nio-8080-exec-4] - Saving post: com.jsonplaceholder.communityservice.model.Post@ee6285c9
2024-01-29 17:54:13,199 INFO com.jsonplaceholder.communityservice.services.PostService {1.} [http-nio-8080-exec-5] - Fetching all posts
2024-01-29 17:55:19,963 INFO com.jsonplaceholder.communityservice.services.UserService {1.} [http-nio-8080-exec-8] - Finding user by username: Antonette
2024-01-29 18:43:33,256 INFO com.jsonplaceholder.communityservice.CommunityServiceApplication {1.} [restartedMain] - Starting CommunityServiceApplication using Java 17.0.9 with PID 160 (C:\Users\Anastasiia\Desktop\Uczelnia\V_semestr_(ITN)\JAZ\Project\community-service\target\classes started by Anastasiia in C:\Users\Anastasiia\Desktop\Uczelnia\V_semestr_(ITN)\JAZ\Project)
2024-01-29 18:43:33,258 INFO com.jsonplaceholder.communityservice.CommunityServiceApplication {1.} [restartedMain] - No active profile set, falling back to 1 default profile: "default"
2024-01-29 18:43:35,705 INFO com.jsonplaceholder.communityservice.CommunityServiceApplication {1.} [restartedMain] - Started CommunityServiceApplication in 2.565 seconds (process running for 3013.618)
